<?xml version="1.0" encoding="UTF-8"?>
<testsuite xmlns:xsi="http://www.w3.org/2001/XMLSchema-instance" xsi:noNamespaceSchemaLocation="https://maven.apache.org/surefire/maven-surefire-plugin/xsd/surefire-test-report.xsd" version="3.0.1" name="TestSuite" time="75.886" tests="3" errors="0" skipped="0" failures="0">
  <properties>
[...]
</properties>
  <testcase name="forget_password" classname="app.Test2" time="15.713">
    <system-out><![CDATA[Page title from test 1=OrangeHRM
]]></system-out>
  </testcase>
  <testcase name="test_login1" classname="app.Test1" time="22.152"/>
  <testcase name="test_login2" classname="app.Test1" time="7.306">
    <system-out><![CDATA[Page title from test 1=OrangeHRM
]]></system-out>
  </testcase>
</testsuite>